# JRE version: OpenJDK Runtime Environment (15.0.1+9) (build 15.0.1+9-18)
# Java VM: OpenJDK 64-Bit Server VM (15.0.1+9-18, mixed mode, tiered, compressed oops, g1 gc, windows-amd64)
GC Precious Log:
 CPUs: 24 total, 24 available
 Memory: 32689M
 Large Page Support: Disabled
 NUMA Support: Disabled
 Compressed Oops: Enabled (Zero based)
 Heap Region Size: 4M
 Heap Min Capacity: 8M
 Heap Initial Capacity: 512M
 Heap Max Capacity: 8176M
 Pre-touch: Disabled
 Parallel Workers: 18
 Concurrent Workers: 5
 Concurrent Refinement Workers: 18
 Periodic GC: Disabled
Heap:
 garbage-first heap   total 20480K, used 4835K [0x0000000601000000, 0x0000000800000000)
  region size 4096K, 2 young (8192K), 1 survivors (4096K)
 Metaspace       used 20899K, capacity 21200K, committed 21248K, reserved 1069056K
  class space    used 1931K, capacity 2007K, committed 2048K, reserved 1048576K
GC Heap History (20 events):
Event: 493.105 GC heap before
{Heap before GC invocations=97 (full 2):
 garbage-first heap   total 20480K, used 8987K [0x0000000601000000, 0x0000000800000000)
  region size 4096K, 2 young (8192K), 1 survivors (4096K)
 Metaspace       used 20871K, capacity 21200K, committed 21248K, reserved 1069056K
  class space    used 1931K, capacity 2007K, committed 2048K, reserved 1048576K
}
Event: 493.106 GC heap after
{Heap after GC invocations=98 (full 2):
 garbage-first heap   total 20480K, used 4922K [0x0000000601000000, 0x0000000800000000)
  region size 4096K, 1 young (4096K), 1 survivors (4096K)
 Metaspace       used 20871K, capacity 21200K, committed 21248K, reserved 1069056K
  class space    used 1931K, capacity 2007K, committed 2048K, reserved 1048576K
}
Event: 498.926 GC heap before
{Heap before GC invocations=98 (full 2):
 garbage-first heap   total 20480K, used 9018K [0x0000000601000000, 0x0000000800000000)
  region size 4096K, 2 young (8192K), 1 survivors (4096K)
 Metaspace       used 20872K, capacity 21200K, committed 21248K, reserved 1069056K
  class space    used 1931K, capacity 2007K, committed 2048K, reserved 1048576K
}
Event: 498.926 GC heap after
{Heap after GC invocations=99 (full 2):
 garbage-first heap   total 20480K, used 4948K [0x0000000601000000, 0x0000000800000000)
  region size 4096K, 1 young (4096K), 1 survivors (4096K)
 Metaspace       used 20872K, capacity 21200K, committed 21248K, reserved 1069056K
  class space    used 1931K, capacity 2007K, committed 2048K, reserved 1048576K
}
Event: 505.753 GC heap before
{Heap before GC invocations=99 (full 2):
 garbage-first heap   total 20480K, used 9044K [0x0000000601000000, 0x0000000800000000)
  region size 4096K, 2 young (8192K), 1 survivors (4096K)
 Metaspace       used 20872K, capacity 21200K, committed 21248K, reserved 1069056K
  class space    used 1931K, capacity 2007K, committed 2048K, reserved 1048576K
}
Event: 505.753 GC heap after
{Heap after GC invocations=100 (full 2):
 garbage-first heap   total 20480K, used 4922K [0x0000000601000000, 0x0000000800000000)
  region size 4096K, 1 young (4096K), 1 survivors (4096K)
 Metaspace       used 20872K, capacity 21200K, committed 21248K, reserved 1069056K
  class space    used 1931K, capacity 2007K, committed 2048K, reserved 1048576K
}
Event: 505.816 GC heap before
{Heap before GC invocations=100 (full 2):
 garbage-first heap   total 20480K, used 9018K [0x0000000601000000, 0x0000000800000000)
  region size 4096K, 2 young (8192K), 1 survivors (4096K)
 Metaspace       used 20872K, capacity 21200K, committed 21248K, reserved 1069056K
  class space    used 1931K, capacity 2007K, committed 2048K, reserved 1048576K
}
Event: 505.817 GC heap after
{Heap after GC invocations=101 (full 2):
 garbage-first heap   total 20480K, used 4949K [0x0000000601000000, 0x0000000800000000)
  region size 4096K, 1 young (4096K), 1 survivors (4096K)
 Metaspace       used 20872K, capacity 21200K, committed 21248K, reserved 1069056K
  class space    used 1931K, capacity 2007K, committed 2048K, reserved 1048576K
}
Event: 512.258 GC heap before
{Heap before GC invocations=101 (full 2):
 garbage-first heap   total 20480K, used 9045K [0x0000000601000000, 0x0000000800000000)
  region size 4096K, 2 young (8192K), 1 survivors (4096K)
 Metaspace       used 20872K, capacity 21200K, committed 21248K, reserved 1069056K
  class space    used 1931K, capacity 2007K, committed 2048K, reserved 1048576K
}
Event: 512.258 GC heap after
{Heap after GC invocations=102 (full 2):
 garbage-first heap   total 20480K, used 4952K [0x0000000601000000, 0x0000000800000000)
  region size 4096K, 1 young (4096K), 1 survivors (4096K)
 Metaspace       used 20872K, capacity 21200K, committed 21248K, reserved 1069056K
  class space    used 1931K, capacity 2007K, committed 2048K, reserved 1048576K
}
Event: 512.322 GC heap before
{Heap before GC invocations=102 (full 2):
 garbage-first heap   total 20480K, used 9048K [0x0000000601000000, 0x0000000800000000)
  region size 4096K, 2 young (8192K), 1 survivors (4096K)
 Metaspace       used 20872K, capacity 21200K, committed 21248K, reserved 1069056K
  class space    used 1931K, capacity 2007K, committed 2048K, reserved 1048576K
}
Event: 512.322 GC heap after
{Heap after GC invocations=103 (full 2):
 garbage-first heap   total 20480K, used 4953K [0x0000000601000000, 0x0000000800000000)
  region size 4096K, 1 young (4096K), 1 survivors (4096K)
 Metaspace       used 20872K, capacity 21200K, committed 21248K, reserved 1069056K
  class space    used 1931K, capacity 2007K, committed 2048K, reserved 1048576K
}
Event: 517.519 GC heap before
{Heap before GC invocations=103 (full 2):
 garbage-first heap   total 20480K, used 9049K [0x0000000601000000, 0x0000000800000000)
  region size 4096K, 2 young (8192K), 1 survivors (4096K)
 Metaspace       used 20872K, capacity 21200K, committed 21248K, reserved 1069056K
  class space    used 1931K, capacity 2007K, committed 2048K, reserved 1048576K
}
Event: 517.520 GC heap after
{Heap after GC invocations=104 (full 2):
 garbage-first heap   total 20480K, used 4884K [0x0000000601000000, 0x0000000800000000)
  region size 4096K, 1 young (4096K), 1 survivors (4096K)
 Metaspace       used 20872K, capacity 21200K, committed 21248K, reserved 1069056K
  class space    used 1931K, capacity 2007K, committed 2048K, reserved 1048576K
}
Event: 517.579 GC heap before
{Heap before GC invocations=104 (full 2):
 garbage-first heap   total 20480K, used 8980K [0x0000000601000000, 0x0000000800000000)
  region size 4096K, 2 young (8192K), 1 survivors (4096K)
 Metaspace       used 20872K, capacity 21200K, committed 21248K, reserved 1069056K
  class space    used 1931K, capacity 2007K, committed 2048K, reserved 1048576K
}
Event: 517.580 GC heap after
{Heap after GC invocations=105 (full 2):
 garbage-first heap   total 20480K, used 4932K [0x0000000601000000, 0x0000000800000000)
  region size 4096K, 1 young (4096K), 1 survivors (4096K)
 Metaspace       used 20872K, capacity 21200K, committed 21248K, reserved 1069056K
  class space    used 1931K, capacity 2007K, committed 2048K, reserved 1048576K
}
Event: 517.627 GC heap before
{Heap before GC invocations=105 (full 2):
 garbage-first heap   total 20480K, used 9028K [0x0000000601000000, 0x0000000800000000)
  region size 4096K, 2 young (8192K), 1 survivors (4096K)
 Metaspace       used 20890K, capacity 21200K, committed 21248K, reserved 1069056K
  class space    used 1931K, capacity 2007K, committed 2048K, reserved 1048576K
}
Event: 517.628 GC heap after
{Heap after GC invocations=106 (full 2):
 garbage-first heap   total 20480K, used 4838K [0x0000000601000000, 0x0000000800000000)
  region size 4096K, 1 young (4096K), 1 survivors (4096K)
 Metaspace       used 20890K, capacity 21200K, committed 21248K, reserved 1069056K
  class space    used 1931K, capacity 2007K, committed 2048K, reserved 1048576K
}
Event: 517.698 GC heap before
{Heap before GC invocations=106 (full 2):
 garbage-first heap   total 20480K, used 8934K [0x0000000601000000, 0x0000000800000000)
  region size 4096K, 2 young (8192K), 1 survivors (4096K)
 Metaspace       used 20896K, capacity 21200K, committed 21248K, reserved 1069056K
  class space    used 1931K, capacity 2007K, committed 2048K, reserved 1048576K
}
Event: 517.698 GC heap after
{Heap after GC invocations=107 (full 2):
 garbage-first heap   total 20480K, used 4835K [0x0000000601000000, 0x0000000800000000)
  region size 4096K, 1 young (4096K), 1 survivors (4096K)
 Metaspace       used 20896K, capacity 21200K, committed 21248K, reserved 1069056K
  class space    used 1931K, capacity 2007K, committed 2048K, reserved 1048576K
}

